This is pdfTeX, Version 3.14159265-2.6-1.40.15 (TeX Live 2014) (preloaded format=pdflatex 2014.5.25)  9 SEP 2016 00:56
entering extended mode
 restricted \write18 enabled.
 file:line:error style messages enabled.
 %&-line parsing enabled.
**Krueger_Griffiths_AAAI17.tex
(./Krueger_Griffiths_AAAI17.tex
LaTeX2e <2014/05/01>
Babel <3.9k> and hyphenation patterns for 78 languages loaded.
(/usr/local/texlive/2014/texmf-dist/tex/latex/base/article.cls
Document Class: article 2007/10/19 v1.4h Standard LaTeX document class
(/usr/local/texlive/2014/texmf-dist/tex/latex/base/size10.clo
File: size10.clo 2007/10/19 v1.4h Standard LaTeX file (size option)
)
\c@part=\count79
\c@section=\count80
\c@subsection=\count81
\c@subsubsection=\count82
\c@paragraph=\count83
\c@subparagraph=\count84
\c@figure=\count85
\c@table=\count86
\abovecaptionskip=\skip41
\belowcaptionskip=\skip42
\bibindent=\dimen102
) (./aaai17.sty
Conference Style for AAAI for LaTeX 2e -- version of 1 January 2017
\titlebox=\skip43
) (/usr/local/texlive/2014/texmf-dist/tex/latex/psnfss/times.sty
Package: times 2005/04/12 PSNFSS-v9.2a (SPQR) 
)
(/usr/local/texlive/2014/texmf-dist/tex/latex/psnfss/helvet.sty
Package: helvet 2005/04/12 PSNFSS-v9.2a (WaS) 

(/usr/local/texlive/2014/texmf-dist/tex/latex/graphics/keyval.sty
Package: keyval 2014/05/08 v1.15 key=value parser (DPC)
\KV@toks@=\toks14
))
(/usr/local/texlive/2014/texmf-dist/tex/latex/psnfss/courier.sty
Package: courier 2005/04/12 PSNFSS-v9.2a (WaS) 
)
(/usr/local/texlive/2014/texmf-dist/tex/latex/cite/cite.sty
LaTeX Info: Redefining \cite on input line 302.
LaTeX Info: Redefining \nocite on input line 373.
Package: cite 2010/09/10  v 5.3
)
(/usr/local/texlive/2014/texmf-dist/tex/latex/caption/subcaption.sty
Package: subcaption 2013/02/03 v1.1-62 Sub-captions (AR)

(/usr/local/texlive/2014/texmf-dist/tex/latex/caption/caption.sty
Package: caption 2013/05/02 v3.3-89 Customizing captions (AR)

(/usr/local/texlive/2014/texmf-dist/tex/latex/caption/caption3.sty
Package: caption3 2013/05/02 v1.6-88 caption3 kernel (AR)
Package caption3 Info: TeX engine: e-TeX on input line 57.
\captionmargin=\dimen103
\captionmargin@=\dimen104
\captionwidth=\dimen105
\caption@tempdima=\dimen106
\caption@indent=\dimen107
\caption@parindent=\dimen108
\caption@hangindent=\dimen109
)
\c@ContinuedFloat=\count87
)
\c@subfigure=\count88
\c@subtable=\count89
)
(/usr/local/texlive/2014/texmf-dist/tex/latex/hyperref/hyperref.sty
Package: hyperref 2012/11/06 v6.83m Hypertext links for LaTeX

(/usr/local/texlive/2014/texmf-dist/tex/generic/oberdiek/hobsub-hyperref.sty
Package: hobsub-hyperref 2012/05/28 v1.13 Bundle oberdiek, subset hyperref (HO)


(/usr/local/texlive/2014/texmf-dist/tex/generic/oberdiek/hobsub-generic.sty
Package: hobsub-generic 2012/05/28 v1.13 Bundle oberdiek, subset generic (HO)
Package: hobsub 2012/05/28 v1.13 Construct package bundles (HO)
Package: infwarerr 2010/04/08 v1.3 Providing info/warning/error messages (HO)
Package: ltxcmds 2011/11/09 v1.22 LaTeX kernel commands for general use (HO)
Package: ifluatex 2010/03/01 v1.3 Provides the ifluatex switch (HO)
Package ifluatex Info: LuaTeX not detected.
Package: ifvtex 2010/03/01 v1.5 Detect VTeX and its facilities (HO)
Package ifvtex Info: VTeX not detected.
Package: intcalc 2007/09/27 v1.1 Expandable calculations with integers (HO)
Package: ifpdf 2011/01/30 v2.3 Provides the ifpdf switch (HO)
Package ifpdf Info: pdfTeX in PDF mode is detected.
Package: etexcmds 2011/02/16 v1.5 Avoid name clashes with e-TeX commands (HO)
Package etexcmds Info: Could not find \expanded.
(etexcmds)             That can mean that you are not using pdfTeX 1.50 or
(etexcmds)             that some package has redefined \expanded.
(etexcmds)             In the latter case, load this package earlier.
Package: kvsetkeys 2012/04/25 v1.16 Key value parser (HO)
Package: kvdefinekeys 2011/04/07 v1.3 Define keys (HO)
Package: pdftexcmds 2011/11/29 v0.20 Utility functions of pdfTeX for LuaTeX (HO
)
Package pdftexcmds Info: LuaTeX not detected.
Package pdftexcmds Info: \pdf@primitive is available.
Package pdftexcmds Info: \pdf@ifprimitive is available.
Package pdftexcmds Info: \pdfdraftmode found.
Package: pdfescape 2011/11/25 v1.13 Implements pdfTeX's escape features (HO)
Package: bigintcalc 2012/04/08 v1.3 Expandable calculations on big integers (HO
)
Package: bitset 2011/01/30 v1.1 Handle bit-vector datatype (HO)
Package: uniquecounter 2011/01/30 v1.2 Provide unlimited unique counter (HO)
)
Package hobsub Info: Skipping package `hobsub' (already loaded).
Package: letltxmacro 2010/09/02 v1.4 Let assignment for LaTeX macros (HO)
Package: hopatch 2012/05/28 v1.2 Wrapper for package hooks (HO)
Package: xcolor-patch 2011/01/30 xcolor patch
Package: atveryend 2011/06/30 v1.8 Hooks at the very end of document (HO)
Package atveryend Info: \enddocument detected (standard20110627).
Package: atbegshi 2011/10/05 v1.16 At begin shipout hook (HO)
Package: refcount 2011/10/16 v3.4 Data extraction from label references (HO)
Package: hycolor 2011/01/30 v1.7 Color options for hyperref/bookmark (HO)
)
(/usr/local/texlive/2014/texmf-dist/tex/generic/ifxetex/ifxetex.sty
Package: ifxetex 2010/09/12 v0.6 Provides ifxetex conditional
)
(/usr/local/texlive/2014/texmf-dist/tex/latex/oberdiek/auxhook.sty
Package: auxhook 2011/03/04 v1.3 Hooks for auxiliary files (HO)
)
(/usr/local/texlive/2014/texmf-dist/tex/latex/oberdiek/kvoptions.sty
Package: kvoptions 2011/06/30 v3.11 Key value format for package options (HO)
)
\@linkdim=\dimen110
\Hy@linkcounter=\count90
\Hy@pagecounter=\count91

(/usr/local/texlive/2014/texmf-dist/tex/latex/hyperref/pd1enc.def
File: pd1enc.def 2012/11/06 v6.83m Hyperref: PDFDocEncoding definition (HO)
)
\Hy@SavedSpaceFactor=\count92

(/usr/local/texlive/2014/texmf-dist/tex/latex/latexconfig/hyperref.cfg
File: hyperref.cfg 2002/06/06 v1.2 hyperref configuration of TeXLive
)
Package hyperref Info: Hyper figures OFF on input line 4443.
Package hyperref Info: Link nesting OFF on input line 4448.
Package hyperref Info: Hyper index ON on input line 4451.
Package hyperref Info: Plain pages OFF on input line 4458.
Package hyperref Info: Backreferencing OFF on input line 4463.
Package hyperref Info: Implicit mode ON; LaTeX internals redefined.
Package hyperref Info: Bookmarks ON on input line 4688.
\c@Hy@tempcnt=\count93

(/usr/local/texlive/2014/texmf-dist/tex/latex/url/url.sty
\Urlmuskip=\muskip10
Package: url 2013/09/16  ver 3.4  Verb mode for urls, etc.
)
LaTeX Info: Redefining \url on input line 5041.
\XeTeXLinkMargin=\dimen111
\Fld@menulength=\count94
\Field@Width=\dimen112
\Fld@charsize=\dimen113
Package hyperref Info: Hyper figures OFF on input line 6295.
Package hyperref Info: Link nesting OFF on input line 6300.
Package hyperref Info: Hyper index ON on input line 6303.
Package hyperref Info: backreferencing OFF on input line 6310.
Package hyperref Info: Link coloring OFF on input line 6315.
Package hyperref Info: Link coloring with OCG OFF on input line 6320.
Package hyperref Info: PDF/A mode OFF on input line 6325.
LaTeX Info: Redefining \ref on input line 6365.
LaTeX Info: Redefining \pageref on input line 6369.
\Hy@abspage=\count95
\c@Item=\count96
\c@Hfootnote=\count97
)

Package hyperref Message: Driver (autodetected): hpdftex.

(/usr/local/texlive/2014/texmf-dist/tex/latex/hyperref/hpdftex.def
File: hpdftex.def 2012/11/06 v6.83m Hyperref driver for pdfTeX
\Fld@listcount=\count98
\c@bookmark@seq@number=\count99

(/usr/local/texlive/2014/texmf-dist/tex/latex/oberdiek/rerunfilecheck.sty
Package: rerunfilecheck 2011/04/15 v1.7 Rerun checks for auxiliary files (HO)
Package uniquecounter Info: New unique counter `rerunfilecheck' on input line 2
82.
)
\Hy@SectionHShift=\skip44
)
(/usr/local/texlive/2014/texmf-dist/tex/latex/graphics/graphicx.sty
Package: graphicx 2014/04/25 v1.0g Enhanced LaTeX Graphics (DPC,SPQR)

(/usr/local/texlive/2014/texmf-dist/tex/latex/graphics/graphics.sty
Package: graphics 2009/02/05 v1.0o Standard LaTeX Graphics (DPC,SPQR)

(/usr/local/texlive/2014/texmf-dist/tex/latex/graphics/trig.sty
Package: trig 1999/03/16 v1.09 sin cos tan (DPC)
)
(/usr/local/texlive/2014/texmf-dist/tex/latex/latexconfig/graphics.cfg
File: graphics.cfg 2010/04/23 v1.9 graphics configuration of TeX Live
)
Package graphics Info: Driver file: pdftex.def on input line 91.

(/usr/local/texlive/2014/texmf-dist/tex/latex/pdftex-def/pdftex.def
File: pdftex.def 2011/05/27 v0.06d Graphics/color for pdfTeX
\Gread@gobject=\count100
))
\Gin@req@height=\dimen114
\Gin@req@width=\dimen115
)
(/usr/local/texlive/2014/texmf-dist/tex/latex/titling/titling.sty
Package: titling 2009/09/04 v2.1d maketitle typesetting
\thanksmarkwidth=\skip45
\thanksmargin=\skip46
\droptitle=\skip47
)
(./Krueger_Griffiths_AAAI17.aux)
\openout1 = `Krueger_Griffiths_AAAI17.aux'.

LaTeX Font Info:    Checking defaults for OML/cmm/m/it on input line 24.
LaTeX Font Info:    ... okay on input line 24.
LaTeX Font Info:    Checking defaults for T1/cmr/m/n on input line 24.
LaTeX Font Info:    ... okay on input line 24.
LaTeX Font Info:    Checking defaults for OT1/cmr/m/n on input line 24.
LaTeX Font Info:    ... okay on input line 24.
LaTeX Font Info:    Checking defaults for OMS/cmsy/m/n on input line 24.
LaTeX Font Info:    ... okay on input line 24.
LaTeX Font Info:    Checking defaults for OMX/cmex/m/n on input line 24.
LaTeX Font Info:    ... okay on input line 24.
LaTeX Font Info:    Checking defaults for U/cmr/m/n on input line 24.
LaTeX Font Info:    ... okay on input line 24.
LaTeX Font Info:    Checking defaults for PD1/pdf/m/n on input line 24.
LaTeX Font Info:    ... okay on input line 24.
LaTeX Font Info:    Try loading font information for OT1+ptm on input line 24.

(/usr/local/texlive/2014/texmf-dist/tex/latex/psnfss/ot1ptm.fd
File: ot1ptm.fd 2001/06/04 font definitions for OT1/ptm.
)
Package caption Info: Begin \AtBeginDocument code.
Package caption Info: hyperref package is loaded.
Package caption Info: End \AtBeginDocument code.
\AtBeginShipoutBox=\box26
Package hyperref Info: Link coloring OFF on input line 24.

(/usr/local/texlive/2014/texmf-dist/tex/latex/hyperref/nameref.sty
Package: nameref 2012/10/27 v2.43 Cross-referencing by name of section

(/usr/local/texlive/2014/texmf-dist/tex/generic/oberdiek/gettitlestring.sty
Package: gettitlestring 2010/12/03 v1.4 Cleanup title references (HO)
)
\c@section@level=\count101
)
LaTeX Info: Redefining \ref on input line 24.
LaTeX Info: Redefining \pageref on input line 24.
LaTeX Info: Redefining \nameref on input line 24.

(./Krueger_Griffiths_AAAI17.out) (./Krueger_Griffiths_AAAI17.out)
\@outlinefile=\write3
\openout3 = `Krueger_Griffiths_AAAI17.out'.


(/usr/local/texlive/2014/texmf-dist/tex/context/base/supp-pdf.mkii
[Loading MPS to PDF converter (version 2006.09.02).]
\scratchcounter=\count102
\scratchdimen=\dimen116
\scratchbox=\box27
\nofMPsegments=\count103
\nofMParguments=\count104
\everyMPshowfont=\toks15
\MPscratchCnt=\count105
\MPscratchDim=\dimen117
\MPnumerator=\count106
\makeMPintoPDFobject=\count107
\everyMPtoPDFconversion=\toks16
) (/usr/local/texlive/2014/texmf-dist/tex/latex/oberdiek/epstopdf-base.sty
Package: epstopdf-base 2010/02/09 v2.5 Base part for package epstopdf

(/usr/local/texlive/2014/texmf-dist/tex/latex/oberdiek/grfext.sty
Package: grfext 2010/08/19 v1.1 Manage graphics extensions (HO)
)
Package grfext Info: Graphics extension search list:
(grfext)             [.png,.pdf,.jpg,.mps,.jpeg,.jbig2,.jb2,.PNG,.PDF,.JPG,.JPE
G,.JBIG2,.JB2,.eps]
(grfext)             \AppendGraphicsExtensions on input line 452.

(/usr/local/texlive/2014/texmf-dist/tex/latex/latexconfig/epstopdf-sys.cfg
File: epstopdf-sys.cfg 2010/07/13 v1.3 Configuration of (r)epstopdf for TeX Liv
e
))
LaTeX Font Info:    External font `cmex10' loaded for size
(Font)              <10.95> on input line 31.
LaTeX Font Info:    External font `cmex10' loaded for size
(Font)              <8> on input line 31.
LaTeX Font Info:    External font `cmex10' loaded for size
(Font)              <6> on input line 31.


LaTeX Warning: No \author given.

LaTeX Font Info:    Font shape `OT1/ptm/bx/n' in size <10> not available
(Font)              Font shape `OT1/ptm/b/n' tried instead on input line 32.
LaTeX Font Info:    Font shape `OT1/ptm/bx/n' in size <12> not available
(Font)              Font shape `OT1/ptm/b/n' tried instead on input line 36.

Underfull \hbox (badness 3690) in paragraph at lines 38--39
\OT1/ptm/m/n/10 Researchers in both psy-chol-ogy and ar-ti-fi-cial in-tel-li-
 []


Underfull \hbox (badness 3148) in paragraph at lines 38--39
\OT1/ptm/m/n/10 gence taken the re-la-tion-ship be-tween model-free and
 []


Underfull \hbox (badness 2103) in paragraph at lines 38--39
\OT1/ptm/m/n/10 model-based re-in-force-ment learn-ing, and whether they
 []


Underfull \hbox (badness 5331) in paragraph at lines 38--39
\OT1/ptm/m/n/10 can be used syn-er-gis-ti-cally. Model-free learn-ing re-
 []


Underfull \hbox (badness 3118) in paragraph at lines 38--39
\OT1/ptm/m/n/10 lies on di-rect trial-and-error in-ter-ac-tion with the en-
 []


LaTeX Warning: Reference `dyna_schematic' on page 1 undefined on input line 48.


LaTeX Font Info:    External font `cmex10' loaded for size
(Font)              <7> on input line 48.
LaTeX Font Info:    External font `cmex10' loaded for size
(Font)              <5> on input line 48.

Underfull \vbox (badness 10000) has occurred while \output is active []

 [1{/usr/local/texlive/2014/texmf-var/fonts/map/pdftex/updmap/pdftex.map}



]
<figures/final/dyna_schematic.png, id=86, 722.7pt x 371.3875pt>
File: figures/final/dyna_schematic.png Graphic file (type png)

<use figures/final/dyna_schematic.png>
Package pdftex.def Info: figures/final/dyna_schematic.png used on input line 52
.
(pdftex.def)             Requested size: 202.3529pt x 103.98778pt.
LaTeX Font Info:    Font shape `OT1/ptm/bx/n' in size <10.95> not available
(Font)              Font shape `OT1/ptm/b/n' tried instead on input line 63.

Underfull \hbox (badness 1490) in paragraph at lines 85--86
\OT1/ptm/m/n/10 Bounded Real-Time Dy-namic Pro-gram-ming [[]McMa-han
 []

<figures/final/approxPR_schematic.png, id=93, 722.7pt x 481.8pt>
File: figures/final/approxPR_schematic.png Graphic file (type png)

<use figures/final/approxPR_schematic.png>
Package pdftex.def Info: figures/final/approxPR_schematic.png used on input lin
e 91.
(pdftex.def)             Requested size: 202.3529pt x 134.90308pt.
 [2 <./figures/final/dyna_schematic.png>] <figures/final/maze_values.png, id=12
1, 578.16pt x 433.62pt>
File: figures/final/maze_values.png Graphic file (type png)

<use figures/final/maze_values.png>
Package pdftex.def Info: figures/final/maze_values.png used on input line 104.
(pdftex.def)             Requested size: 252.94499pt x 189.70828pt.

Overfull \hbox (13.55061pt too wide) in paragraph at lines 104--105
 [][] 
 []

<figures/final/value_bounds_labeled.png, id=124, 722.7pt x 553.06625pt>
File: figures/final/value_bounds_labeled.png Graphic file (type png)

<use figures/final/value_bounds_labeled.png>
Package pdftex.def Info: figures/final/value_bounds_labeled.png used on input l
ine 114.
(pdftex.def)             Requested size: 252.94499pt x 193.56764pt.

Overfull \hbox (13.55061pt too wide) in paragraph at lines 114--115
 [][] 
 []

[3 <./figures/final/approxPR_schematic.png> <./figures/final/maze_values.png (P
NG copy)> <./figures/final/value_bounds_labeled.png>]
<figures/final/learning_vs_PRiterations_DYNA_mean.png, id=135, 578.16pt x 433.6
2pt>
File: figures/final/learning_vs_PRiterations_DYNA_mean.png Graphic file (type p
ng)
 <use figures/final/learning_vs_PRiterations_DYNA_mean.png>
Package pdftex.def Info: figures/final/learning_vs_PRiterations_DYNA_mean.png u
sed on input line 134.
(pdftex.def)             Requested size: 252.94499pt x 189.70828pt.

Overfull \hbox (13.55061pt too wide) in paragraph at lines 134--135
 [][] 
 []


<figures/final/cpus_vs_PRiterations_DYNA_toGoal.png, id=137, 578.16pt x 433.62p
t>
File: figures/final/cpus_vs_PRiterations_DYNA_toGoal.png Graphic file (type png
)
 <use figures/final/cpus_vs_PRiterations_DYNA_toGoal.png>
Package pdftex.def Info: figures/final/cpus_vs_PRiterations_DYNA_toGoal.png use
d on input line 143.
(pdftex.def)             Requested size: 252.94499pt x 189.70828pt.

Overfull \hbox (13.55061pt too wide) in paragraph at lines 143--144
 [][] 
 []

<figures/final/Mcar.png, id=139, 327.47343pt x 127.22531pt>
File: figures/final/Mcar.png Graphic file (type png)

<use figures/final/Mcar.png>
Package pdftex.def Info: figures/final/Mcar.png used on input line 156.
(pdftex.def)             Requested size: 252.94499pt x 98.27051pt.

Overfull \hbox (13.55061pt too wide) in paragraph at lines 156--157
 [][] 
 []

[4 <./figures/final/learning_vs_PRiterations_DYNA_mean.png (PNG copy)> <./figur
es/final/cpus_vs_PRiterations_DYNA_toGoal.png (PNG copy)>]
<figures/final/MC_learning_vs_PRiterations_DYNA_mean.png, id=148, 578.16pt x 43
3.62pt>
File: figures/final/MC_learning_vs_PRiterations_DYNA_mean.png Graphic file (typ
e png)
 <use figures/final/MC_learning_vs_PRiterations_DYNA_mean.png>
Package pdftex.def Info: figures/final/MC_learning_vs_PRiterations_DYNA_mean.pn
g used on input line 170.
(pdftex.def)             Requested size: 252.94499pt x 189.70828pt.

Overfull \hbox (13.55061pt too wide) in paragraph at lines 170--171
 [][] 
 []


<figures/final/MC_cpus_vs_PRiterations_DYNA_toGoal.png, id=150, 578.16pt x 433.
62pt>
File: figures/final/MC_cpus_vs_PRiterations_DYNA_toGoal.png Graphic file (type 
png)
 <use figures/final/MC_cpus_vs_PRiterations_DYNA_toGoal.png>
Package pdftex.def Info: figures/final/MC_cpus_vs_PRiterations_DYNA_toGoal.png 
used on input line 179.
(pdftex.def)             Requested size: 252.94499pt x 189.70828pt.

Overfull \hbox (13.55061pt too wide) in paragraph at lines 179--180
 [][] 
 []


LaTeX Warning: Citation `moore1993prioritized' on page 5 undefined on input lin
e 188.

[5 <./figures/final/Mcar.png> <./figures/final/MC_learning_vs_PRiterations_DYNA
_mean.png (PNG copy)> <./figures/final/MC_cpus_vs_PRiterations_DYNA_toGoal.png 
(PNG copy)>]

LaTeX Warning: Citation `daw2014algorithmic' on page 6 undefined on input line 
192.

(./Krueger_Griffiths_AAAI17.bbl
Underfull \hbox (badness 4467) in paragraph at lines 34--39
[]\OT1/ptm/m/n/10 Lansink, C. S., Golt-stein, P. M.,
 []


Underfull \hbox (badness 1005) in paragraph at lines 54--58
[]\OT1/ptm/m/n/10 Ng, A. Y., Harada, D., and Rus-sell, S.
 []

)
Package atveryend Info: Empty hook `BeforeClearDocument' on input line 197.
 [6]
Package atveryend Info: Empty hook `AfterLastShipout' on input line 197.
 (./Krueger_Griffiths_AAAI17.aux)
Package atveryend Info: Executing hook `AtVeryEndDocument' on input line 197.
Package atveryend Info: Executing hook `AtEndAfterFileList' on input line 197.
Package rerunfilecheck Info: File `Krueger_Griffiths_AAAI17.out' has not change
d.
(rerunfilecheck)             Checksum: 73F0491F7CD95B588D3593BBAFA41DB5;735.


LaTeX Warning: There were undefined references.

Package atveryend Info: Empty hook `AtVeryVeryEnd' on input line 197.
 ) 
Here is how much of TeX's memory you used:
 6483 strings out of 493117
 101467 string characters out of 6135433
 184424 words of memory out of 5000000
 9844 multiletter control sequences out of 15000+600000
 20394 words of font info for 41 fonts, out of 8000000 for 9000
 1141 hyphenation exceptions out of 8191
 42i,7n,40p,2281b,317s stack positions out of 5000i,500n,10000p,200000b,80000s
{/usr/local/texlive/2014/texmf-dist/fonts/enc/dvips/base/8r.enc}</usr/local/t
exlive/2014/texmf-dist/fonts/type1/public/amsfonts/cm/cmmi10.pfb></usr/local/te
xlive/2014/texmf-dist/fonts/type1/public/amsfonts/cm/cmmi7.pfb></usr/local/texl
ive/2014/texmf-dist/fonts/type1/public/amsfonts/cm/cmr10.pfb></usr/local/texliv
e/2014/texmf-dist/fonts/type1/public/amsfonts/cm/cmr7.pfb></usr/local/texlive/2
014/texmf-dist/fonts/type1/public/amsfonts/cm/cmsy10.pfb></usr/local/texlive/20
14/texmf-dist/fonts/type1/public/amsfonts/cm/cmsy5.pfb></usr/local/texlive/2014
/texmf-dist/fonts/type1/public/amsfonts/cm/cmsy7.pfb></usr/local/texlive/2014/t
exmf-dist/fonts/type1/urw/times/utmb8a.pfb></usr/local/texlive/2014/texmf-dist/
fonts/type1/urw/times/utmr8a.pfb></usr/local/texlive/2014/texmf-dist/fonts/type
1/urw/times/utmri8a.pfb>
Output written on Krueger_Griffiths_AAAI17.pdf (6 pages, 713112 bytes).
PDF statistics:
 208 PDF objects out of 1000 (max. 8388607)
 176 compressed objects within 2 object streams
 45 named destinations out of 1000 (max. 500000)
 150 words of extra memory for PDF output out of 10000 (max. 10000000)

